<?xml version="1.0" encoding="UTF-8"?>
<testsuite name="test.RestTest" tests="7" skipped="0" failures="0" errors="0" timestamp="2023-01-05T01:42:15" hostname="Hrishikeshs-MacBook-Pro.local" time="1.718">
  <properties/>
  <testcase name="GetTestDelayFail()" classname="test.RestTest" time="0.077"/>
  <testcase name="BasicMethodsTest()" classname="test.RestTest" time="1.21"/>
  <testcase name="ListenerErrorTest()" classname="test.RestTest" time="0.003"/>
  <testcase name="AsyncMethodsTest()" classname="test.RestTest" time="0.106"/>
  <testcase name="GetTestDelaySuccess()" classname="test.RestTest" time="0.108"/>
  <testcase name="GetTest()" classname="test.RestTest" time="0.106"/>
  <testcase name="BothMethodsTest()" classname="test.RestTest" time="0.106"/>
  <system-out><![CDATA[]]></system-out>
  <system-err><![CDATA[]]></system-err>
</testsuite>
