<?xml version="1.0" encoding="UTF-8"?>
<testsuite name="test.RestTest" tests="7" skipped="0" failures="0" errors="0" timestamp="2023-04-07T04:07:31" hostname="Hrishikeshs-MacBook-Pro.local" time="1.706">
  <properties/>
  <testcase name="GetTestDelayFail()" classname="test.RestTest" time="0.077"/>
  <testcase name="BasicMethodsTest()" classname="test.RestTest" time="1.206"/>
  <testcase name="ListenerErrorTest()" classname="test.RestTest" time="0.004"/>
  <testcase name="AsyncMethodsTest()" classname="test.RestTest" time="0.104"/>
  <testcase name="GetTestDelaySuccess()" classname="test.RestTest" time="0.104"/>
  <testcase name="GetTest()" classname="test.RestTest" time="0.102"/>
  <testcase name="BothMethodsTest()" classname="test.RestTest" time="0.104"/>
  <system-out><![CDATA[]]></system-out>
  <system-err><![CDATA[]]></system-err>
</testsuite>
